app/build/outputs/logs/manifest-merger-debug-report.txt
-- Merging decision tree log ---
manifest
ADDED from src\main\AndroidManifest.xml:2:1-72:12
INJECTED from src\main\AndroidManifest.xml:2:1-72:12
INJECTED from src\main\AndroidManifest.xml:2:1-72:12
INJECTED from src\main\AndroidManifest.xml:2:1-72:12
MERGED from [com.android.support:design:26.1.0] AndroidManifest.xml:17:1-31:12
MERGED from [com.android.support:appcompat-v7:26.1.0] AndroidManifest.xml:17:1-31:12
MERGED from [com.android.support.constraint:constraint-layout:1.1.3] AndroidManifest.xml:2:1-11:12
MERGED from [com.nhaarman.listviewanimations:lib-core:3.1.0] AndroidManifest.xml:17:1-29:12
MERGED from [com.nhaarman.listviewanimations:lib-manipulation:3.1.0] AndroidManifest.xml:17:1-31:12
MERGED from [com.nhaarman.listviewanimations:lib-core-slh:3.1.0] AndroidManifest.xml:17:1-29:12
MERGED from [co.ronash.android:pushe-base:1.4.0] AndroidManifest.xml:2:1-148:12
MERGED from [com.google.android.gms:play-services-gcm:15.0.1] AndroidManifest.xml:17:1-28:12
MERGED from [com.google.android.gms:play-services-location:15.0.1] AndroidManifest.xml:2:1-9:12
MERGED from [com.android.support:animated-vector-drawable:26.1.0] AndroidManifest.xml:17:1-28:12
MERGED from [com.android.support:support-vector-drawable:26.1.0] AndroidManifest.xml:17:1-28:12
MERGED from [com.android.support:recyclerview-v7:26.1.0] AndroidManifest.xml:17:1-28:12
MERGED from [com.android.support:transition:26.1.0] AndroidManifest.xml:17:1-28:12
MERGED from [com.google.android.gms:play-services-iid:15.0.1] AndroidManifest.xml:17:1-28:12
MERGED from [com.google.android.gms:play-services-base:15.0.1] AndroidManifest.xml:17:1-29:12
MERGED from [com.google.android.gms:play-services-stats:15.0.1] AndroidManifest.xml:2:1-9:12
MERGED from [com.google.android.gms:play-services-tasks:15.0.1] AndroidManifest.xml:2:1-9:12
MERGED from [com.google.android.gms:play-services-places-placereport:15.0.1] AndroidManifest.xml:17:1-24:12
MERGED from [com.google.android.gms:play-services-basement:15.0.1] AndroidManifest.xml:17:1-28:12
MERGED from [com.android.support:support-v4:26.1.0] AndroidManifest.xml:17:1-31:12
MERGED from [com.android.support:support-fragment:26.1.0] AndroidManifest.xml:17:1-31:12
MERGED from [com.android.support:support-core-ui:26.1.0] AndroidManifest.xml:17:1-31:12
MERGED from [com.android.support:support-media-compat:26.1.0] AndroidManifest.xml:17:1-31:12
MERGED from [com.android.support:support-core-utils:26.1.0] AndroidManifest.xml:17:1-31:12
MERGED from [com.android.support:support-compat:26.1.0] AndroidManifest.xml:17:1-31:12
MERGED from [com.evernote:android-job:1.2.4] AndroidManifest.xml:2:1-65:12
MERGED from [android.arch.lifecycle:runtime:1.0.0] AndroidManifest.xml:17:1-30:12
INJECTED from src\main\AndroidManifest.xml:2:1-72:12
INJECTED from src\main\AndroidManifest.xml:2:1-72:12
INJECTED from src\main\AndroidManifest.xml:2:1-72:12
	package
		ADDED from src\main\AndroidManifest.xml:4:5-29
		INJECTED from src\main\AndroidManifest.xml
		INJECTED from src\main\AndroidManifest.xml
	android:versionName
		INJECTED from src\main\AndroidManifest.xml
		ADDED from src\main\AndroidManifest.xml:2:1-72:12
		INJECTED from src\main\AndroidManifest.xml
	xmlns:tools
		ADDED from src\main\AndroidManifest.xml:3:5-51
	android:versionCode
		INJECTED from src\main\AndroidManifest.xml
		ADDED from src\main\AndroidManifest.xml:2:1-72:12
		INJECTED from src\main\AndroidManifest.xml
	xmlns:android
		ADDED from src\main\AndroidManifest.xml:2:11-69
uses-sdk
ADDED from src\main\AndroidManifest.xml:6:5-57
INJECTED from src\main\AndroidManifest.xml:6:5-57
INJECTED from src\main\AndroidManifest.xml:6:5-57
MERGED from [com.android.support:design:26.1.0] AndroidManifest.xml:21:5-23:62
MERGED from [com.android.support:design:26.1.0] AndroidManifest.xml:21:5-23:62
MERGED from [com.android.support:appcompat-v7:26.1.0] AndroidManifest.xml:21:5-23:78
MERGED from [com.android.support:appcompat-v7:26.1.0] AndroidManifest.xml:21:5-23:78
MERGED from [com.android.support.constraint:constraint-layout:1.1.3] AndroidManifest.xml:5:5-7:41
MERGED from [com.android.support.constraint:constraint-layout:1.1.3] AndroidManifest.xml:5:5-7:41
MERGED from [com.nhaarman.listviewanimations:lib-core:3.1.0] AndroidManifest.xml:22:5-24:41
MERGED from [com.nhaarman.listviewanimations:lib-core:3.1.0] AndroidManifest.xml:22:5-24:41
MERGED from [com.nhaarman.listviewanimations:lib-manipulation:3.1.0] AndroidManifest.xml:22:5-24:41
MERGED from [com.nhaarman.listviewanimations:lib-manipulation:3.1.0] AndroidManifest.xml:22:5-24:41
MERGED from [com.nhaarman.listviewanimations:lib-core-slh:3.1.0] AndroidManifest.xml:22:5-24:41
MERGED from [com.nhaarman.listviewanimations:lib-core-slh:3.1.0] AndroidManifest.xml:22:5-24:41
MERGED from [co.ronash.android:pushe-base:1.4.0] AndroidManifest.xml:9:5-12:85
MERGED from [co.ronash.android:pushe-base:1.4.0] AndroidManifest.xml:9:5-12:85
MERGED from [com.google.android.gms:play-services-gcm:15.0.1] AndroidManifest.xml:20:5-44
MERGED from [com.google.android.gms:play-services-gcm:15.0.1] AndroidManifest.xml:20:5-44
MERGED from [com.google.android.gms:play-services-location:15.0.1] AndroidManifest.xml:5:5-44
MERGED from [com.google.android.gms:play-services-location:15.0.1] AndroidManifest.xml:5:5-44
MERGED from [com.android.support:animated-vector-drawable:26.1.0] AndroidManifest.xml:20:5-44
MERGED from [com.android.support:animated-vector-drawable:26.1.0] AndroidManifest.xml:20:5-44
MERGED from [com.android.support:support-vector-drawable:26.1.0] AndroidManifest.xml:20:5-44
MERGED from [com.android.support:support-vector-drawable:26.1.0] AndroidManifest.xml:20:5-44
MERGED from [com.android.support:recyclerview-v7:26.1.0] AndroidManifest.xml:20:5-44
MERGED from [com.android.support:recyclerview-v7:26.1.0] AndroidManifest.xml:20:5-44
MERGED from [com.android.support:transition:26.1.0] AndroidManifest.xml:20:5-44
MERGED from [com.android.support:transition:26.1.0] AndroidManifest.xml:20:5-44
MERGED from [com.google.android.gms:play-services-iid:15.0.1] AndroidManifest.xml:20:5-44
MERGED from [com.google.android.gms:play-services-iid:15.0.1] AndroidManifest.xml:20:5-44
MERGED from [com.google.android.gms:play-services-base:15.0.1] AndroidManifest.xml:20:5-44
MERGED from [com.google.android.gms:play-services-base:15.0.1] AndroidManifest.xml:20:5-44
MERGED from [com.google.android.gms:play-services-stats:15.0.1] AndroidManifest.xml:5:5-44
MERGED from [com.google.android.gms:play-services-stats:15.0.1] AndroidManifest.xml:5:5-44
MERGED from [com.google.android.gms:play-services-tasks:15.0.1] AndroidManifest.xml:5:5-44
MERGED from [com.google.android.gms:play-services-tasks:15.0.1] AndroidManifest.xml:5:5-44
MERGED from [com.google.android.gms:play-services-places-placereport:15.0.1] AndroidManifest.xml:20:5-44
MERGED from [com.google.android.gms:play-services-places-placereport:15.0.1] AndroidManifest.xml:20:5-44
MERGED from [com.google.android.gms:play-services-basement:15.0.1] AndroidManifest.xml:20:5-44
MERGED from [com.google.android.gms:play-services-basement:15.0.1] AndroidManifest.xml:20:5-44
MERGED from [com.android.support:support-v4:26.1.0] AndroidManifest.xml:21:5-23:54
MERGED from [com.android.support:support-v4:26.1.0] AndroidManifest.xml:21:5-23:54
MERGED from [com.android.support:support-fragment:26.1.0] AndroidManifest.xml:21:5-23:60
MERGED from [com.android.support:support-fragment:26.1.0] AndroidManifest.xml:21:5-23:60
MERGED from [com.android.support:support-core-ui:26.1.0] AndroidManifest.xml:21:5-23:58
MERGED from [com.android.support:support-core-ui:26.1.0] AndroidManifest.xml:21:5-23:58
MERGED from [com.android.support:support-media-compat:26.1.0] AndroidManifest.xml:21:5-23:63
MERGED from [com.android.support:support-media-compat:26.1.0] AndroidManifest.xml:21:5-23:63
MERGED from [com.android.support:support-core-utils:26.1.0] AndroidManifest.xml:21:5-23:61
MERGED from [com.android.support:support-core-utils:26.1.0] AndroidManifest.xml:21:5-23:61
MERGED from [com.android.support:support-compat:26.1.0] AndroidManifest.xml:21:5-23:58
MERGED from [com.android.support:support-compat:26.1.0] AndroidManifest.xml:21:5-23:58
MERGED from [com.evernote:android-job:1.2.4] AndroidManifest.xml:8:5-10:41
MERGED from [com.evernote:android-job:1.2.4] AndroidManifest.xml:8:5-10:41
MERGED from [android.arch.lifecycle:runtime:1.0.0] AndroidManifest.xml:20:5-22:41
MERGED from [android.arch.lifecycle:runtime:1.0.0] AndroidManifest.xml:20:5-22:41
INJECTED from src\main\AndroidManifest.xml:6:5-57
INJECTED from src\main\AndroidManifest.xml:6:5-57
	tools:overrideLibrary
		ADDED from src\main\AndroidManifest.xml:6:15-54
	android:targetSdkVersion
		INJECTED from src\main\AndroidManifest.xml
		ADDED from src\main\AndroidManifest.xml:6:5-57
		INJECTED from src\main\AndroidManifest.xml
	android:minSdkVersion
		INJECTED from src\main\AndroidManifest.xml
		ADDED from src\main\AndroidManifest.xml:6:5-57
		INJECTED from src\main\AndroidManifest.xml
permission#ir.irse.stocks.permission.C2D_MESSAGE
ADDED from src\main\AndroidManifest.xml:8:5-10:47
	android:protectionLevel
		ADDED from src\main\AndroidManifest.xml:10:9-44
	android:name
		ADDED from src\main\AndroidManifest.xml:9:9-61
uses-permission#ir.irse.stocks.permission.C2D_MESSAGE
ADDED from src\main\AndroidManifest.xml:12:5-77
	android:name
		ADDED from src\main\AndroidManifest.xml:12:22-74
uses-permission#android.permission.ACCESS_NETWORK_STATE
ADDED from src\main\AndroidManifest.xml:13:5-79
MERGED from [co.ronash.android:pushe-base:1.4.0] AndroidManifest.xml:19:5-79
MERGED from [co.ronash.android:pushe-base:1.4.0] AndroidManifest.xml:19:5-79
MERGED from [com.evernote:android-job:1.2.4] AndroidManifest.xml:13:5-79
MERGED from [com.evernote:android-job:1.2.4] AndroidManifest.xml:13:5-79
	android:name
		ADDED from src\main\AndroidManifest.xml:13:22-76
uses-permission#android.permission.READ_PHONE_STATE
ADDED from src\main\AndroidManifest.xml:14:5-75
	android:name
		ADDED from src\main\AndroidManifest.xml:14:22-72
uses-permission#android.permission.INTERNET
ADDED from src\main\AndroidManifest.xml:15:5-67
MERGED from [co.ronash.android:pushe-base:1.4.0] AndroidManifest.xml:15:5-67
MERGED from [co.ronash.android:pushe-base:1.4.0] AndroidManifest.xml:15:5-67
MERGED from [com.google.android.gms:play-services-gcm:15.0.1] AndroidManifest.xml:24:5-67
MERGED from [com.google.android.gms:play-services-gcm:15.0.1] AndroidManifest.xml:24:5-67
MERGED from [com.google.android.gms:play-services-iid:15.0.1] AndroidManifest.xml:24:5-67
MERGED from [com.google.android.gms:play-services-iid:15.0.1] AndroidManifest.xml:24:5-67
	android:name
		ADDED from src\main\AndroidManifest.xml:15:22-64
uses-permission#android.permission.WAKE_LOCK
ADDED from src\main\AndroidManifest.xml:16:5-68
MERGED from [co.ronash.android:pushe-base:1.4.0] AndroidManifest.xml:16:5-68
MERGED from [co.ronash.android:pushe-base:1.4.0] AndroidManifest.xml:16:5-68
MERGED from [com.evernote:android-job:1.2.4] AndroidManifest.xml:12:5-68
MERGED from [com.evernote:android-job:1.2.4] AndroidManifest.xml:12:5-68
	android:name
		ADDED from src\main\AndroidManifest.xml:16:22-65
uses-permission#com.google.android.wearable.permission.RECEIVE_COMPLICATION_DATA
ADDED from src\main\AndroidManifest.xml:19:5-104
	android:name
		ADDED from src\main\AndroidManifest.xml:19:22-101
application
ADDED from src\main\AndroidManifest.xml:20:5-70:19
MERGED from [com.android.support:design:26.1.0] AndroidManifest.xml:25:5-29:19
MERGED from [com.android.support:design:26.1.0] AndroidManifest.xml:25:5-29:19
MERGED from [com.android.support:appcompat-v7:26.1.0] AndroidManifest.xml:25:5-29:19
MERGED from [com.android.support:appcompat-v7:26.1.0] AndroidManifest.xml:25:5-29:19
MERGED from [com.android.support.constraint:constraint-layout:1.1.3] AndroidManifest.xml:9:5-20
MERGED from [com.android.support.constraint:constraint-layout:1.1.3] AndroidManifest.xml:9:5-20
MERGED from [com.nhaarman.listviewanimations:lib-core:3.1.0] AndroidManifest.xml:26:5-27:19
MERGED from [com.nhaarman.listviewanimations:lib-core:3.1.0] AndroidManifest.xml:26:5-27:19
MERGED from [com.nhaarman.listviewanimations:lib-manipulation:3.1.0] AndroidManifest.xml:26:5-29:19
MERGED from [com.nhaarman.listviewanimations:lib-manipulation:3.1.0] AndroidManifest.xml:26:5-29:19
MERGED from [com.nhaarman.listviewanimations:lib-core-slh:3.1.0] AndroidManifest.xml:26:5-27:19
MERGED from [com.nhaarman.listviewanimations:lib-core-slh:3.1.0] AndroidManifest.xml:26:5-27:19
MERGED from [co.ronash.android:pushe-base:1.4.0] AndroidManifest.xml:23:5-146:19
MERGED from [co.ronash.android:pushe-base:1.4.0] AndroidManifest.xml:23:5-146:19
MERGED from [com.google.android.gms:play-services-gcm:15.0.1] AndroidManifest.xml:26:5-20
MERGED from [com.google.android.gms:play-services-gcm:15.0.1] AndroidManifest.xml:26:5-20
MERGED from [com.google.android.gms:play-services-location:15.0.1] AndroidManifest.xml:7:5-20
MERGED from [com.google.android.gms:play-services-location:15.0.1] AndroidManifest.xml:7:5-20
MERGED from [com.android.support:animated-vector-drawable:26.1.0] AndroidManifest.xml:22:5-26:19
MERGED from [com.android.support:animated-vector-drawable:26.1.0] AndroidManifest.xml:22:5-26:19
MERGED from [com.android.support:support-vector-drawable:26.1.0] AndroidManifest.xml:22:5-26:19
MERGED from [com.android.support:support-vector-drawable:26.1.0] AndroidManifest.xml:22:5-26:19
MERGED from [com.android.support:recyclerview-v7:26.1.0] AndroidManifest.xml:22:5-26:19
MERGED from [com.android.support:recyclerview-v7:26.1.0] AndroidManifest.xml:22:5-26:19
MERGED from [com.android.support:transition:26.1.0] AndroidManifest.xml:22:5-26:19
MERGED from [com.android.support:transition:26.1.0] AndroidManifest.xml:22:5-26:19
MERGED from [com.google.android.gms:play-services-iid:15.0.1] AndroidManifest.xml:26:5-20
MERGED from [com.google.android.gms:play-services-iid:15.0.1] AndroidManifest.xml:26:5-20
MERGED from [com.google.android.gms:play-services-base:15.0.1] AndroidManifest.xml:22:5-27:19
MERGED from [com.google.android.gms:play-services-base:15.0.1] AndroidManifest.xml:22:5-27:19
MERGED from [com.google.android.gms:play-services-stats:15.0.1] AndroidManifest.xml:7:5-20
MERGED from [com.google.android.gms:play-services-stats:15.0.1] AndroidManifest.xml:7:5-20
MERGED from [com.google.android.gms:play-services-tasks:15.0.1] AndroidManifest.xml:7:5-20
MERGED from [com.google.android.gms:play-services-tasks:15.0.1] AndroidManifest.xml:7:5-20
MERGED from [com.google.android.gms:play-services-places-placereport:15.0.1] AndroidManifest.xml:22:5-20
MERGED from [com.google.android.gms:play-services-places-placereport:15.0.1] AndroidManifest.xml:22:5-20
MERGED from [com.google.android.gms:play-services-basement:15.0.1] AndroidManifest.xml:22:5-26:19
MERGED from [com.google.android.gms:play-services-basement:15.0.1] AndroidManifest.xml:22:5-26:19
MERGED from [com.android.support:support-v4:26.1.0] AndroidManifest.xml:25:5-29:19
MERGED from [com.android.support:support-v4:26.1.0] AndroidManifest.xml:25:5-29:19
MERGED from [com.android.support:support-fragment:26.1.0] AndroidManifest.xml:25:5-29:19
MERGED from [com.android.support:support-fragment:26.1.0] AndroidManifest.xml:25:5-29:19
MERGED from [com.android.support:support-core-ui:26.1.0] AndroidManifest.xml:25:5-29:19
MERGED from [com.android.support:support-core-ui:26.1.0] AndroidManifest.xml:25:5-29:19
MERGED from [com.android.support:support-media-compat:26.1.0] AndroidManifest.xml:25:5-29:19
MERGED from [com.android.support:support-media-compat:26.1.0] AndroidManifest.xml:25:5-29:19
MERGED from [com.android.support:support-core-utils:26.1.0] AndroidManifest.xml:25:5-29:19
MERGED from [com.android.support:support-core-utils:26.1.0] AndroidManifest.xml:25:5-29:19
MERGED from [com.android.support:support-compat:26.1.0] AndroidManifest.xml:25:5-29:19
MERGED from [com.android.support:support-compat:26.1.0] AndroidManifest.xml:25:5-29:19
MERGED from [com.evernote:android-job:1.2.4] AndroidManifest.xml:16:5-63:19
MERGED from [com.evernote:android-job:1.2.4] AndroidManifest.xml:16:5-63:19
MERGED from [android.arch.lifecycle:runtime:1.0.0] AndroidManifest.xml:24:5-28:19
MERGED from [android.arch.lifecycle:runtime:1.0.0] AndroidManifest.xml:24:5-28:19
	android:supportsRtl
		ADDED from src\main\AndroidManifest.xml:24:9-36
	android:label
		ADDED from src\main\AndroidManifest.xml:23:9-41
	tools:ignore
		ADDED from [com.evernote:android-job:1.2.4] AndroidManifest.xml:16:18-44
	android:icon
		ADDED from src\main\AndroidManifest.xml:22:9-43
	android:allowBackup
		ADDED from src\main\AndroidManifest.xml:21:9-35
	android:theme
		ADDED from src\main\AndroidManifest.xml:25:9-40
service#ir.irse.stocks.other.MyPushListener
ADDED from src\main\AndroidManifest.xml:26:9-32:19
	android:exported
		ADDED from src\main\AndroidManifest.xml:28:13-37
	android:name
		ADDED from src\main\AndroidManifest.xml:27:13-49
intent-filter#action:name:co.ronash.pushe.RECEIVE
ADDED from src\main\AndroidManifest.xml:29:13-31:29
action#co.ronash.pushe.RECEIVE
ADDED from src\main\AndroidManifest.xml:30:17-66
	android:name
		ADDED from src\main\AndroidManifest.xml:30:25-63
receiver#co.ronash.pushe.receiver.UpdateReceiver
ADDED from src\main\AndroidManifest.xml:34:9-42:20
	android:name
		ADDED from src\main\AndroidManifest.xml:34:19-73
intent-filter#action:name:android.intent.action.PACKAGE_REPLACED+data:path:ir.irse.stocks+data:scheme:package
ADDED from src\main\AndroidManifest.xml:35:13-41:29
action#android.intent.action.PACKAGE_REPLACED
ADDED from src\main\AndroidManifest.xml:36:17-81
	android:name
		ADDED from src\main\AndroidManifest.xml:36:25-78
data
ADDED from src\main\AndroidManifest.xml:38:17-40:48
	android:path
		ADDED from src\main\AndroidManifest.xml:39:21-50
	android:scheme
		ADDED from src\main\AndroidManifest.xml:40:21-45
receiver#com.google.android.gms.gcm.GcmReceiver
ADDED from src\main\AndroidManifest.xml:43:9-53:20
	android:exported
		ADDED from src\main\AndroidManifest.xml:45:13-36
	android:permission
		ADDED from src\main\AndroidManifest.xml:46:13-73
	android:name
		ADDED from src\main\AndroidManifest.xml:44:13-66
intent-filter#action:name:com.google.android.c2dm.intent.RECEIVE+action:name:com.google.android.c2dm.intent.REGISTRATION+category:name:ir.irse.stocks
ADDED from src\main\AndroidManifest.xml:47:13-52:29
action#com.google.android.c2dm.intent.RECEIVE
ADDED from src\main\AndroidManifest.xml:48:17-81
	android:name
		ADDED from src\main\AndroidManifest.xml:48:25-78
action#com.google.android.c2dm.intent.REGISTRATION
ADDED from src\main\AndroidManifest.xml:49:17-86
	android:name
		ADDED from src\main\AndroidManifest.xml:49:25-83
category#ir.irse.stocks
ADDED from src\main\AndroidManifest.xml:51:17-59
	android:name
		ADDED from src\main\AndroidManifest.xml:51:27-56
meta-data#co.ronash.pushe.token
ADDED from src\main\AndroidManifest.xml:55:9-57:50
	android:value
		ADDED from src\main\AndroidManifest.xml:57:13-47
	android:name
		ADDED from src\main\AndroidManifest.xml:56:13-49
meta-data#co.ronash.pushe.cr
ADDED from src\main\AndroidManifest.xml:58:9-60:40
	android:value
		ADDED from src\main\AndroidManifest.xml:60:13-37
	android:name
		ADDED from src\main\AndroidManifest.xml:59:13-46
activity#ir.irse.stocks.MainActivity
ADDED from src\main\AndroidManifest.xml:62:9-68:20
	android:name
		ADDED from src\main\AndroidManifest.xml:62:19-47
intent-filter#action:name:android.intent.action.MAIN+category:name:android.intent.category.LAUNCHER
ADDED from src\main\AndroidManifest.xml:63:13-67:29
action#android.intent.action.MAIN
ADDED from src\main\AndroidManifest.xml:64:17-69
	android:name
		ADDED from src\main\AndroidManifest.xml:64:25-66
category#android.intent.category.LAUNCHER
ADDED from src\main\AndroidManifest.xml:66:17-77
	android:name
		ADDED from src\main\AndroidManifest.xml:66:27-74
activity#ir.irse.stocks.FullList
ADDED from src\main\AndroidManifest.xml:69:9-46
	android:name
		ADDED from src\main\AndroidManifest.xml:69:19-43
meta-data#android.support.VERSION
ADDED from [com.android.support:design:26.1.0] AndroidManifest.xml:26:9-28:38
MERGED from [com.android.support:appcompat-v7:26.1.0] AndroidManifest.xml:26:9-28:38
MERGED from [com.android.support:appcompat-v7:26.1.0] AndroidManifest.xml:26:9-28:38
MERGED from [com.android.support:animated-vector-drawable:26.1.0] AndroidManifest.xml:23:9-25:38
MERGED from [com.android.support:animated-vector-drawable:26.1.0] AndroidManifest.xml:23:9-25:38
MERGED from [com.android.support:support-vector-drawable:26.1.0] AndroidManifest.xml:23:9-25:38
MERGED from [com.android.support:support-vector-drawable:26.1.0] AndroidManifest.xml:23:9-25:38
MERGED from [com.android.support:recyclerview-v7:26.1.0] AndroidManifest.xml:23:9-25:38
MERGED from [com.android.support:recyclerview-v7:26.1.0] AndroidManifest.xml:23:9-25:38
MERGED from [com.android.support:transition:26.1.0] AndroidManifest.xml:23:9-25:38
MERGED from [com.android.support:transition:26.1.0] AndroidManifest.xml:23:9-25:38
MERGED from [com.android.support:support-v4:26.1.0] AndroidManifest.xml:26:9-28:38
MERGED from [com.android.support:support-v4:26.1.0] AndroidManifest.xml:26:9-28:38
MERGED from [com.android.support:support-fragment:26.1.0] AndroidManifest.xml:26:9-28:38
MERGED from [com.android.support:support-fragment:26.1.0] AndroidManifest.xml:26:9-28:38
MERGED from [com.android.support:support-core-ui:26.1.0] AndroidManifest.xml:26:9-28:38
MERGED from [com.android.support:support-core-ui:26.1.0] AndroidManifest.xml:26:9-28:38
MERGED from [com.android.support:support-media-compat:26.1.0] AndroidManifest.xml:26:9-28:38
MERGED from [com.android.support:support-media-compat:26.1.0] AndroidManifest.xml:26:9-28:38
MERGED from [com.android.support:support-core-utils:26.1.0] AndroidManifest.xml:26:9-28:38
MERGED from [com.android.support:support-core-utils:26.1.0] AndroidManifest.xml:26:9-28:38
MERGED from [com.android.support:support-compat:26.1.0] AndroidManifest.xml:26:9-28:38
MERGED from [com.android.support:support-compat:26.1.0] AndroidManifest.xml:26:9-28:38
	android:value
		ADDED from [com.android.support:design:26.1.0] AndroidManifest.xml:28:13-35
	android:name
		ADDED from [com.android.support:design:26.1.0] AndroidManifest.xml:27:13-51
activity#com.nhaarman.listviewanimations.itemmanipulation.swipedismiss.SwipeTouchListenerTestActivity
ADDED from [com.nhaarman.listviewanimations:lib-manipulation:3.1.0] AndroidManifest.xml:27:9-129
	android:name
		ADDED from [com.nhaarman.listviewanimations:lib-manipulation:3.1.0] AndroidManifest.xml:27:19-126
activity#com.nhaarman.listviewanimations.itemmanipulation.dragdrop.DynamicListViewTestActivity
ADDED from [com.nhaarman.listviewanimations:lib-manipulation:3.1.0] AndroidManifest.xml:28:9-122
	android:name
		ADDED from [com.nhaarman.listviewanimations:lib-manipulation:3.1.0] AndroidManifest.xml:28:19-119
uses-permission#com.google.android.c2dm.permission.RECEIVE
ADDED from [co.ronash.android:pushe-base:1.4.0] AndroidManifest.xml:14:5-82
MERGED from [com.google.android.gms:play-services-gcm:15.0.1] AndroidManifest.xml:23:5-82
MERGED from [com.google.android.gms:play-services-gcm:15.0.1] AndroidManifest.xml:23:5-82
MERGED from [com.google.android.gms:play-services-iid:15.0.1] AndroidManifest.xml:23:5-82
MERGED from [com.google.android.gms:play-services-iid:15.0.1] AndroidManifest.xml:23:5-82
	android:name
		ADDED from [co.ronash.android:pushe-base:1.4.0] AndroidManifest.xml:14:22-79
uses-permission#android.permission.RECEIVE_BOOT_COMPLETED
ADDED from [co.ronash.android:pushe-base:1.4.0] AndroidManifest.xml:17:5-81
MERGED from [com.evernote:android-job:1.2.4] AndroidManifest.xml:14:5-81
MERGED from [com.evernote:android-job:1.2.4] AndroidManifest.xml:14:5-81
	android:name
		ADDED from [co.ronash.android:pushe-base:1.4.0] AndroidManifest.xml:17:22-78
uses-permission#android.permission.ACCESS_COARSE_LOCATION
ADDED from [co.ronash.android:pushe-base:1.4.0] AndroidManifest.xml:18:5-81
	android:name
		ADDED from [co.ronash.android:pushe-base:1.4.0] AndroidManifest.xml:18:22-78
uses-permission#android.permission.ACCESS_WIFI_STATE
ADDED from [co.ronash.android:pushe-base:1.4.0] AndroidManifest.xml:20:5-76
	android:name
		ADDED from [co.ronash.android:pushe-base:1.4.0] AndroidManifest.xml:20:22-73
uses-permission#android.permission.BIND_JOB_SERVICE
ADDED from [co.ronash.android:pushe-base:1.4.0] AndroidManifest.xml:21:5-75
	android:name
		ADDED from [co.ronash.android:pushe-base:1.4.0] AndroidManifest.xml:21:22-72
service#co.ronash.pushe.service.GcmService
ADDED from [co.ronash.android:pushe-base:1.4.0] AndroidManifest.xml:24:9-31:19
	android:exported
		ADDED from [co.ronash.android:pushe-base:1.4.0] AndroidManifest.xml:26:13-37
	android:permission
		ADDED from [co.ronash.android:pushe-base:1.4.0] AndroidManifest.xml:27:13-69
	android:name
		ADDED from [co.ronash.android:pushe-base:1.4.0] AndroidManifest.xml:25:13-62
intent-filter#action:name:com.google.android.c2dm.intent.RECEIVE
ADDED from [co.ronash.android:pushe-base:1.4.0] AndroidManifest.xml:28:13-30:29
	android:priority
		ADDED from [co.ronash.android:pushe-base:1.4.0] AndroidManifest.xml:28:28-50
receiver#co.ronash.pushe.receiver.FallbackGcmNetworkManagerReceiver
ADDED from [co.ronash.android:pushe-base:1.4.0] AndroidManifest.xml:33:9-39:20
	android:exported
		ADDED from [co.ronash.android:pushe-base:1.4.0] AndroidManifest.xml:35:13-36
	android:name
		ADDED from [co.ronash.android:pushe-base:1.4.0] AndroidManifest.xml:34:13-86
intent-filter#action:name:co.ronash.pushe.CHECK_TASKS
ADDED from [co.ronash.android:pushe-base:1.4.0] AndroidManifest.xml:36:13-38:29
action#co.ronash.pushe.CHECK_TASKS
ADDED from [co.ronash.android:pushe-base:1.4.0] AndroidManifest.xml:37:17-70
	android:name
		ADDED from [co.ronash.android:pushe-base:1.4.0] AndroidManifest.xml:37:25-67
receiver#co.ronash.pushe.receiver.BootAndScreenReceiver
ADDED from [co.ronash.android:pushe-base:1.4.0] AndroidManifest.xml:40:9-45:20
	android:name
		ADDED from [co.ronash.android:pushe-base:1.4.0] AndroidManifest.xml:40:19-80
intent-filter#action:name:android.intent.action.BOOT_COMPLETED+action:name:android.intent.action.QUICKBOOT_POWERON
ADDED from [co.ronash.android:pushe-base:1.4.0] AndroidManifest.xml:41:13-44:29
action#android.intent.action.BOOT_COMPLETED
ADDED from [co.ronash.android:pushe-base:1.4.0] AndroidManifest.xml:42:17-79
	android:name
		ADDED from [co.ronash.android:pushe-base:1.4.0] AndroidManifest.xml:42:25-76
action#android.intent.action.QUICKBOOT_POWERON
ADDED from [co.ronash.android:pushe-base:1.4.0] AndroidManifest.xml:43:17-82
	android:name
		ADDED from [co.ronash.android:pushe-base:1.4.0] AndroidManifest.xml:43:25-79
service#co.ronash.pushe.service.ScreenStateService
ADDED from [co.ronash.android:pushe-base:1.4.0] AndroidManifest.xml:47:9-51:19
	android:name
		ADDED from [co.ronash.android:pushe-base:1.4.0] AndroidManifest.xml:47:18-75
intent-filter#action:name:co.ronash.pushe.service.ScreenStateService
ADDED from [co.ronash.android:pushe-base:1.4.0] AndroidManifest.xml:48:13-50:29
action#co.ronash.pushe.service.ScreenStateService
ADDED from [co.ronash.android:pushe-base:1.4.0] AndroidManifest.xml:49:17-85
	android:name
		ADDED from [co.ronash.android:pushe-base:1.4.0] AndroidManifest.xml:49:25-82
receiver#co.ronash.pushe.receiver.ConnectivityReceiver
ADDED from [co.ronash.android:pushe-base:1.4.0] AndroidManifest.xml:53:9-57:20
	android:name
		ADDED from [co.ronash.android:pushe-base:1.4.0] AndroidManifest.xml:53:19-79
intent-filter#action:name:android.net.conn.CONNECTIVITY_CHANGE
ADDED from [co.ronash.android:pushe-base:1.4.0] AndroidManifest.xml:54:13-56:29
action#android.net.conn.CONNECTIVITY_CHANGE
ADDED from [co.ronash.android:pushe-base:1.4.0] AndroidManifest.xml:55:17-79
	android:name
		ADDED from [co.ronash.android:pushe-base:1.4.0] AndroidManifest.xml:55:25-76
receiver#co.ronash.pushe.receiver.AddReceiver
ADDED from [co.ronash.android:pushe-base:1.4.0] AndroidManifest.xml:58:9-64:20
	android:exported
		ADDED from [co.ronash.android:pushe-base:1.4.0] AndroidManifest.xml:60:13-37
	android:name
		ADDED from [co.ronash.android:pushe-base:1.4.0] AndroidManifest.xml:59:13-64
intent-filter#action:name:com.evernote.android.job.ADD_JOB_CREATOR
ADDED from [co.ronash.android:pushe-base:1.4.0] AndroidManifest.xml:61:13-63:29
action#com.evernote.android.job.ADD_JOB_CREATOR
ADDED from [co.ronash.android:pushe-base:1.4.0] AndroidManifest.xml:62:17-83
	android:name
		ADDED from [co.ronash.android:pushe-base:1.4.0] AndroidManifest.xml:62:25-80
receiver#co.ronash.pushe.receiver.AppChangeReceiver
ADDED from [co.ronash.android:pushe-base:1.4.0] AndroidManifest.xml:65:9-73:20
	android:name
		ADDED from [co.ronash.android:pushe-base:1.4.0] AndroidManifest.xml:65:19-76
intent-filter#action:name:android.intent.action.PACKAGE_ADDED+action:name:android.intent.action.PACKAGE_FULLY_REMOVED+action:name:android.intent.action.PACKAGE_INSTALL+data:scheme:package
ADDED from [co.ronash.android:pushe-base:1.4.0] AndroidManifest.xml:66:13-72:29
action#android.intent.action.PACKAGE_INSTALL
ADDED from [co.ronash.android:pushe-base:1.4.0] AndroidManifest.xml:67:17-80
	android:name
		ADDED from [co.ronash.android:pushe-base:1.4.0] AndroidManifest.xml:67:25-77
action#android.intent.action.PACKAGE_ADDED
ADDED from [co.ronash.android:pushe-base:1.4.0] AndroidManifest.xml:68:17-78
	android:name
		ADDED from [co.ronash.android:pushe-base:1.4.0] AndroidManifest.xml:68:25-75
action#android.intent.action.PACKAGE_FULLY_REMOVED
ADDED from [co.ronash.android:pushe-base:1.4.0] AndroidManifest.xml:69:17-86
	android:name
		ADDED from [co.ronash.android:pushe-base:1.4.0] AndroidManifest.xml:69:25-83
service#co.ronash.pushe.service.FallbackGcmTaskRunner
ADDED from [co.ronash.android:pushe-base:1.4.0] AndroidManifest.xml:75:9-81:19
	android:exported
		ADDED from [co.ronash.android:pushe-base:1.4.0] AndroidManifest.xml:77:13-37
	android:name
		ADDED from [co.ronash.android:pushe-base:1.4.0] AndroidManifest.xml:76:13-73